<?xml version="1.0" encoding="UTF-8"?>
<!-- Generated by org.testng.reporters.JUnitXMLReporter -->
<testsuite hostname="LAPTOP-S7UBL6RO" ignored="0" name="test" tests="4" failures="0" timestamp="2020-06-04T02:19:24 IST" time="0.061" errors="0">
  <testcase name="div" time="0.012" classname="com.tests.DemoUnitTest"/>
  <testcase name="multi" time="0.001" classname="com.tests.DemoUnitTest"/>
  <testcase name="sub" time="0.001" classname="com.tests.DemoUnitTest"/>
  <testcase name="sum" time="0.001" classname="com.tests.DemoUnitTest"/>
</testsuite> <!-- test -->
