<?xml version="1.0" encoding="UTF-8"?>
<testng-results skipped="0" failed="0" ignored="0" total="4" passed="4">
  <reporter-output>
  </reporter-output>
  <suite name="Default suite" duration-ms="63" started-at="2020-06-04T05:34:05 IST" finished-at="2020-06-04T05:34:06 IST">
    <groups>
    </groups>
    <test name="Default test" duration-ms="63" started-at="2020-06-04T05:34:05 IST" finished-at="2020-06-04T05:34:06 IST">
      <class name="com.tests.DemoUnitTest">
        <test-method status="PASS" signature="div()[pri:0, instance:com.tests.DemoUnitTest@21213b92]" name="div" duration-ms="12" started-at="2020-06-04T05:34:06 IST" finished-at="2020-06-04T05:34:06 IST">
          <reporter-output>
          </reporter-output>
        </test-method> <!-- div -->
        <test-method status="PASS" signature="multi()[pri:0, instance:com.tests.DemoUnitTest@21213b92]" name="multi" duration-ms="1" started-at="2020-06-04T05:34:06 IST" finished-at="2020-06-04T05:34:06 IST">
          <reporter-output>
          </reporter-output>
        </test-method> <!-- multi -->
        <test-method status="PASS" signature="sub()[pri:0, instance:com.tests.DemoUnitTest@21213b92]" name="sub" duration-ms="2" started-at="2020-06-04T05:34:06 IST" finished-at="2020-06-04T05:34:06 IST">
          <reporter-output>
          </reporter-output>
        </test-method> <!-- sub -->
        <test-method status="PASS" signature="sum()[pri:0, instance:com.tests.DemoUnitTest@21213b92]" name="sum" duration-ms="2" started-at="2020-06-04T05:34:06 IST" finished-at="2020-06-04T05:34:06 IST">
          <reporter-output>
          </reporter-output>
        </test-method> <!-- sum -->
      </class> <!-- com.tests.DemoUnitTest -->
    </test> <!-- Default test -->
  </suite> <!-- Default suite -->
</testng-results>
